[26-Dec-2023 20:42:28] NOTICE: fpm is running, pid 11801
[26-Dec-2023 20:42:28] NOTICE: ready to handle connections
[28-Dec-2023 19:12:45] NOTICE: Terminating ...
[28-Dec-2023 19:12:45] NOTICE: Terminating ...
[28-Dec-2023 19:12:45] NOTICE: exiting, bye-bye!
[28-Dec-2023 19:13:31] NOTICE: fpm is running, pid 37866
[28-Dec-2023 19:13:31] NOTICE: ready to handle connections
[28-Dec-2023 20:51:25] NOTICE: Terminating ...
[28-Dec-2023 20:51:25] NOTICE: Terminating ...
[28-Dec-2023 20:51:25] NOTICE: exiting, bye-bye!
[28-Dec-2023 20:57:40] NOTICE: fpm is running, pid 40756
[28-Dec-2023 20:57:40] NOTICE: ready to handle connections
[29-Dec-2023 07:31:44] NOTICE: Terminating ...
[29-Dec-2023 07:31:44] NOTICE: Terminating ...
[29-Dec-2023 07:31:44] NOTICE: exiting, bye-bye!
[29-Dec-2023 07:31:47] NOTICE: fpm is running, pid 46941
[29-Dec-2023 07:31:47] NOTICE: ready to handle connections
[02-Jan-2024 20:14:18] NOTICE: Terminating ...
[02-Jan-2024 20:14:18] NOTICE: Terminating ...
[02-Jan-2024 20:14:18] NOTICE: exiting, bye-bye!
[02-Jan-2024 20:14:21] NOTICE: fpm is running, pid 35785
[02-Jan-2024 20:14:21] NOTICE: ready to handle connections
